<?xml version="1.0" encoding="UTF-8"?>
<testng-results skipped="7" failed="0" total="7" passed="0">
  <reporter-output>
  </reporter-output>
  <suite name="Default suite" duration-ms="1883" started-at="2016-06-01T07:38:48Z" finished-at="2016-06-01T07:38:50Z">
    <groups>
    </groups>
    <test name="Default test" duration-ms="1883" started-at="2016-06-01T07:38:48Z" finished-at="2016-06-01T07:38:50Z">
      <class name="com.driverApp.testcases.login">
        <test-method status="FAIL" signature="testCaseSetup()[pri:0, instance:com.driverApp.testcases.login@457e2f02]" name="testCaseSetup" is-config="true" duration-ms="0" started-at="2016-06-01T13:08:48Z" finished-at="2016-06-01T13:08:48Z">
          <exception class="org.openqa.selenium.remote.UnreachableBrowserException">
            <message>
              <![CDATA[Could not start a new session. Possible causes are invalid address of the remote server or browser start-up failure.
Build info: version: '2.47.1', revision: '411b314', time: '2015-07-30 02:56:46'
System info: host: 'tarung', ip: '127.0.1.1', os.name: 'Linux', os.arch: 'amd64', os.version: '3.13.0-36-generic', java.version: '1.8.0_91'
Driver info: driver.version: AndroidDriver]]>
            </message>
            <full-stacktrace>
              <![CDATA[org.openqa.selenium.remote.UnreachableBrowserException: Could not start a new session. Possible causes are invalid address of the remote server or browser start-up failure.
Build info: version: '2.47.1', revision: '411b314', time: '2015-07-30 02:56:46'
System info: host: 'tarung', ip: '127.0.1.1', os.name: 'Linux', os.arch: 'amd64', os.version: '3.13.0-36-generic', java.version: '1.8.0_91'
Driver info: driver.version: AndroidDriver
	at org.openqa.selenium.remote.RemoteWebDriver.execute(RemoteWebDriver.java:589)
	at io.appium.java_client.DefaultGenericMobileDriver.execute(DefaultGenericMobileDriver.java:43)
	at io.appium.java_client.AppiumDriver.execute(AppiumDriver.java:1)
	at io.appium.java_client.android.AndroidDriver.execute(AndroidDriver.java:1)
	at org.openqa.selenium.remote.RemoteWebDriver.startSession(RemoteWebDriver.java:242)
	at org.openqa.selenium.remote.RemoteWebDriver.<init>(RemoteWebDriver.java:128)
	at org.openqa.selenium.remote.RemoteWebDriver.<init>(RemoteWebDriver.java:141)
	at io.appium.java_client.DefaultGenericMobileDriver.<init>(DefaultGenericMobileDriver.java:39)
	at io.appium.java_client.AppiumDriver.<init>(AppiumDriver.java:69)
	at io.appium.java_client.AppiumDriver.<init>(AppiumDriver.java:78)
	at io.appium.java_client.android.AndroidDriver.<init>(AndroidDriver.java:67)
	at com.driverApp.testcases.login.testCaseSetup(login.java:44)
	at sun.reflect.NativeMethodAccessorImpl.invoke0(Native Method)
	at sun.reflect.NativeMethodAccessorImpl.invoke(NativeMethodAccessorImpl.java:62)
	at sun.reflect.DelegatingMethodAccessorImpl.invoke(DelegatingMethodAccessorImpl.java:43)
	at java.lang.reflect.Method.invoke(Method.java:498)
	at org.testng.internal.MethodInvocationHelper.invokeMethod(MethodInvocationHelper.java:86)
	at org.testng.internal.Invoker.invokeConfigurationMethod(Invoker.java:515)
	at org.testng.internal.Invoker.invokeConfigurations(Invoker.java:216)
	at org.testng.internal.Invoker.invokeConfigurations(Invoker.java:143)
	at org.testng.TestRunner.beforeRun(TestRunner.java:656)
	at org.testng.TestRunner.run(TestRunner.java:624)
	at org.testng.SuiteRunner.runTest(SuiteRunner.java:366)
	at org.testng.SuiteRunner.runSequentially(SuiteRunner.java:361)
	at org.testng.SuiteRunner.privateRun(SuiteRunner.java:319)
	at org.testng.SuiteRunner.run(SuiteRunner.java:268)
	at org.testng.SuiteRunnerWorker.runSuite(SuiteRunnerWorker.java:52)
	at org.testng.SuiteRunnerWorker.run(SuiteRunnerWorker.java:86)
	at org.testng.TestNG.runSuitesSequentially(TestNG.java:1225)
	at org.testng.TestNG.runSuitesLocally(TestNG.java:1150)
	at org.testng.TestNG.runSuites(TestNG.java:1075)
	at org.testng.TestNG.run(TestNG.java:1047)
	at org.testng.remote.AbstractRemoteTestNG.run(AbstractRemoteTestNG.java:126)
	at org.testng.remote.RemoteTestNG.initAndRun(RemoteTestNG.java:137)
	at org.testng.remote.RemoteTestNG.main(RemoteTestNG.java:58)
Caused by: org.openqa.selenium.WebDriverException: org.apache.http.conn.HttpHostConnectException: Connect to 127.0.0.1:4723 [/127.0.0.1] failed: Connection refused
Build info: version: '2.47.1', revision: '411b314', time: '2015-07-30 02:56:46'
System info: host: 'tarung', ip: '127.0.1.1', os.name: 'Linux', os.arch: 'amd64', os.version: '3.13.0-36-generic', java.version: '1.8.0_91'
Driver info: driver.version: AndroidDriver
	at io.appium.java_client.remote.AppiumCommandExecutor.execute(AppiumCommandExecutor.java:76)
	at org.openqa.selenium.remote.RemoteWebDriver.execute(RemoteWebDriver.java:568)
	... 34 more
Caused by: org.apache.http.conn.HttpHostConnectException: Connect to 127.0.0.1:4723 [/127.0.0.1] failed: Connection refused
	at org.apache.http.impl.conn.DefaultHttpClientConnectionOperator.connect(DefaultHttpClientConnectionOperator.java:151)
	at org.apache.http.impl.conn.PoolingHttpClientConnectionManager.connect(PoolingHttpClientConnectionManager.java:353)
	at org.apache.http.impl.execchain.MainClientExec.establishRoute(MainClientExec.java:380)
	at org.apache.http.impl.execchain.MainClientExec.execute(MainClientExec.java:236)
	at org.apache.http.impl.execchain.ProtocolExec.execute(ProtocolExec.java:184)
	at org.apache.http.impl.execchain.RetryExec.execute(RetryExec.java:88)
	at org.apache.http.impl.execchain.RedirectExec.execute(RedirectExec.java:110)
	at org.apache.http.impl.client.InternalHttpClient.doExecute(InternalHttpClient.java:184)
	at org.apache.http.impl.client.CloseableHttpClient.execute(CloseableHttpClient.java:71)
	at org.apache.http.impl.client.CloseableHttpClient.execute(CloseableHttpClient.java:55)
	at org.openqa.selenium.remote.internal.ApacheHttpClient.fallBackExecute(ApacheHttpClient.java:143)
	at org.openqa.selenium.remote.internal.ApacheHttpClient.execute(ApacheHttpClient.java:89)
	at org.openqa.selenium.remote.HttpCommandExecutor.execute(HttpCommandExecutor.java:134)
	at io.appium.java_client.remote.AppiumCommandExecutor.execute(AppiumCommandExecutor.java:64)
	... 35 more
Caused by: java.net.ConnectException: Connection refused
	at java.net.PlainSocketImpl.socketConnect(Native Method)
	at java.net.AbstractPlainSocketImpl.doConnect(AbstractPlainSocketImpl.java:350)
	at java.net.AbstractPlainSocketImpl.connectToAddress(AbstractPlainSocketImpl.java:206)
	at java.net.AbstractPlainSocketImpl.connect(AbstractPlainSocketImpl.java:188)
	at java.net.SocksSocketImpl.connect(SocksSocketImpl.java:392)
	at java.net.Socket.connect(Socket.java:589)
	at org.apache.http.conn.socket.PlainConnectionSocketFactory.connectSocket(PlainConnectionSocketFactory.java:74)
	at org.apache.http.impl.conn.DefaultHttpClientConnectionOperator.connect(DefaultHttpClientConnectionOperator.java:134)
	... 48 more
]]>
            </full-stacktrace>
          </exception> <!-- org.openqa.selenium.remote.UnreachableBrowserException -->
          <reporter-output>
          </reporter-output>
        </test-method> <!-- testCaseSetup -->
        <test-method status="SKIP" signature="invalidPnumber()[pri:1, instance:com.driverApp.testcases.login@457e2f02]" name="invalidPnumber" duration-ms="1" started-at="2016-06-01T13:08:50Z" finished-at="2016-06-01T13:08:50Z">
          <reporter-output>
          </reporter-output>
        </test-method> <!-- invalidPnumber -->
        <test-method status="SKIP" signature="ivrConfirmationTrue()[pri:2, instance:com.driverApp.testcases.login@457e2f02]" name="ivrConfirmationTrue" duration-ms="2" started-at="2016-06-01T13:08:50Z" finished-at="2016-06-01T13:08:50Z">
          <reporter-output>
          </reporter-output>
        </test-method> <!-- ivrConfirmationTrue -->
        <test-method status="SKIP" signature="ivrConfirmationFalse()[pri:3, instance:com.driverApp.testcases.login@457e2f02]" name="ivrConfirmationFalse" duration-ms="3" started-at="2016-06-01T13:08:50Z" finished-at="2016-06-01T13:08:50Z">
          <reporter-output>
          </reporter-output>
        </test-method> <!-- ivrConfirmationFalse -->
        <test-method status="SKIP" signature="changeVehicleIvrConfirmationTrue()[pri:4, instance:com.driverApp.testcases.login@457e2f02]" name="changeVehicleIvrConfirmationTrue" duration-ms="1" started-at="2016-06-01T13:08:50Z" finished-at="2016-06-01T13:08:50Z">
          <reporter-output>
          </reporter-output>
        </test-method> <!-- changeVehicleIvrConfirmationTrue -->
        <test-method status="SKIP" signature="changeVehicleIvrConfirmationFalse()[pri:5, instance:com.driverApp.testcases.login@457e2f02]" name="changeVehicleIvrConfirmationFalse" duration-ms="1" started-at="2016-06-01T13:08:50Z" finished-at="2016-06-01T13:08:50Z">
          <reporter-output>
          </reporter-output>
        </test-method> <!-- changeVehicleIvrConfirmationFalse -->
        <test-method status="SKIP" signature="changeVehicleVehicleAlreadyAssigned()[pri:6, instance:com.driverApp.testcases.login@457e2f02]" name="changeVehicleVehicleAlreadyAssigned" duration-ms="1" started-at="2016-06-01T13:08:50Z" finished-at="2016-06-01T13:08:50Z">
          <reporter-output>
          </reporter-output>
        </test-method> <!-- changeVehicleVehicleAlreadyAssigned -->
        <test-method status="SKIP" signature="vehicleMarkAsAbsent()[pri:7, instance:com.driverApp.testcases.login@457e2f02]" name="vehicleMarkAsAbsent" duration-ms="5" started-at="2016-06-01T13:08:50Z" finished-at="2016-06-01T13:08:50Z">
          <reporter-output>
          </reporter-output>
        </test-method> <!-- vehicleMarkAsAbsent -->
        <test-method status="SKIP" signature="testCaseTearDown()[pri:0, instance:com.driverApp.testcases.login@457e2f02]" name="testCaseTearDown" is-config="true" duration-ms="0" started-at="2016-06-01T13:08:50Z" finished-at="2016-06-01T13:08:50Z">
          <reporter-output>
          </reporter-output>
        </test-method> <!-- testCaseTearDown -->
      </class> <!-- com.driverApp.testcases.login -->
    </test> <!-- Default test -->
  </suite> <!-- Default suite -->
</testng-results>
